2026-03-06T16:50:19.539Z [console][error] A tree hydrated but some attributes of the server rendered HTML didn't match the client properties. This won't be patched up. This can happen if a SSR-ed Client Component used:

- A server/client branch `if (typeof window !== 'undefined')`.
- Variable input such as `Date.now()` or `Math.random()` which changes each time it's called.
- Date formatting in a user's locale which doesn't match the server.
- External changing data without sending a snapshot of it along with the HTML.
- Invalid HTML tag nesting.

It can also happen if the client has a browser extension installed which messes with the HTML before React loaded.

%s%s https://react.dev/link/hydration-mismatch 

  ...
    <ErrorBoundary errorComponent={undefined} errorStyles={undefined} errorScripts={undefined}>
      <LoadingBoundary loading={null}>
        <HTTPAccessFallbackBoundary notFound={<SegmentViewNode>} forbidden={undefined} unauthorized={undefined}>
          <HTTPAccessFallbackErrorBoundary pathname="/" notFound={<SegmentViewNode>} forbidden={undefined} ...>
            <RedirectBoundary>
              <RedirectErrorBoundary router={{...}}>
                <InnerLayoutRouter url="/" tree={[...]} cacheNode={{lazyData:null, ...}} segmentPath={[...]}>
                  <SegmentViewNode type="page" pagePath="/orchids-p...">
                    <SegmentTrieNode>
                    <Home>
                      <AttendanceTracker data-orchids-id="src\app\pa..." data-orchids-name="Attendance...">
                        <TooltipProvider data-orchids-id="src\compon..." data-orchids-name="TooltipPro...">
                          <TooltipProvider data-orchids-id="src\compon..." data-orchids-name="TooltipPro..." ...>
                            <TooltipProviderProvider scope={undefined} isOpenDelayedRef={{current:true}} ...>
                              <div
                                data-orchids-id="src\components\AttendanceTracker.tsx:487:6"
                                data-orchids-name="div"
 ...
2026-03-06T16:50:19.539Z [console][error] A tree hydrated but some attributes of the server rendered HTML didn't match the client properties. This won't be patched up. This can happen if a SSR-ed Client Component used:

- A server/client branch `if (typeof window !== 'undefined')`.
- Variable input such as `Date.now()` or `Math.random()` which changes each time it's called.
- Date formatting in a user's locale which doesn't match the server.
- External changing data without sending a snapshot of it along with the HTML.
- Invalid HTML tag nesting.

It can also happen if the client has a browser extension installed which messes with the HTML before React loaded.

%s%s https://react.dev/link/hydration-mismatch 

  ...
    <ErrorBoundary errorComponent={undefined} errorStyles={undefined} errorScripts={undefined}>
      <LoadingBoundary loading={null}>
        <HTTPAccessFallbackBoundary notFound={<SegmentViewNode>} forbidden={undefined} unauthorized={undefined}>
          <HTTPAccessFallbackErrorBoundary pathname="/" notFound={<SegmentViewNode>} forbidden={undefined} ...>
            <RedirectBoundary>
              <RedirectErrorBoundary router={{...}}>
                <InnerLayoutRouter url="/" tree={[...]} cacheNode={{lazyData:null, ...}} segmentPath={[...]}>
                  <SegmentViewNode type="page" pagePath="/orchids-p...">
                    <SegmentTrieNode>
                    <Home>
                      <AttendanceTracker data-orchids-id="src\app\pa..." data-orchids-name="Attendance...">
                        <TooltipProvider data-orchids-id="src\compon..." data-orchids-name="TooltipPro...">
                          <TooltipProvider data-orchids-id="src\compon..." data-orchids-name="TooltipPro..." ...>
                            <TooltipProviderProvider scope={undefined} isOpenDelayedRef={{current:true}} ...>
                              <div
                                data-orchids-id="src\components\AttendanceTracker.tsx:487:6"
                                data-orchids-name="div"
 ...
